<?xml version="1.0" encoding="UTF-8"?>
<!-- Generated by org.testng.reporters.JUnitReportReporter -->
<testsuite hostname="LenovoYoga" failures="0" tests="1" name="TestRunner.testRunner" time="0.901" errors="0" timestamp="2022-03-08T17:21:51 EST" skipped="0">
  <testcase classname="TestRunner.testRunner" name="feature" time="0.901"/>
  <system-out/>
</testsuite> <!-- TestRunner.testRunner -->
